/*C7*/SET SCHEMA PUBLIC
CONNECT USER SA
/*C8*/SET SCHEMA PUBLIC
CONNECT USER SA
DISCONNECT
/*C7*/DISCONNECT
/*C9*/SET SCHEMA PUBLIC
CONNECT USER SA
/*C10*/SET SCHEMA PUBLIC
CONNECT USER SA
DELETE FROM USERS WHERE ID=5
/*C11*/SET SCHEMA PUBLIC
CONNECT USER SA
/*C12*/SET SCHEMA PUBLIC
CONNECT USER SA
/*C13*/SET SCHEMA PUBLIC
CONNECT USER SA
DELETE FROM USERS WHERE ID=3
INSERT INTO USERS VALUES(3,'sdsdsd','Cunt','2001-10-10')
/*C14*/SET SCHEMA PUBLIC
CONNECT USER SA
/*C15*/SET SCHEMA PUBLIC
CONNECT USER SA
/*C16*/SET SCHEMA PUBLIC
CONNECT USER SA
DELETE FROM USERS WHERE ID=3
/*C17*/SET SCHEMA PUBLIC
CONNECT USER SA
